# JRE version: OpenJDK Runtime Environment Corretto-17.0.4.9.1 (17.0.4.1+9) (build 17.0.4.1+9-LTS)
# Java VM: OpenJDK 64-Bit Server VM Corretto-17.0.4.9.1 (17.0.4.1+9-LTS, mixed mode, sharing, tiered, compressed oops, compressed class ptrs, g1 gc, linux-amd64)
Heap:
 garbage-first heap   total 344064K, used 24567K [0x0000000707400000, 0x0000000800000000)
  region size 2048K, 7 young (14336K), 3 survivors (6144K)
 Metaspace       used 8762K, committed 9024K, reserved 1064960K
  class space    used 714K, committed 832K, reserved 1048576K
GC Heap History (20 events):
Event: 2,587 GC heap before
{Heap before GC invocations=3 (full 0):
 garbage-first heap   total 260096K, used 109990K [0x0000000707400000, 0x0000000800000000)
  region size 2048K, 3 young (6144K), 2 survivors (4096K)
 Metaspace       used 7902K, committed 8128K, reserved 1056768K
  class space    used 600K, committed 704K, reserved 1048576K
}
Event: 2,589 GC heap after
{Heap after GC invocations=4 (full 0):
 garbage-first heap   total 260096K, used 75202K [0x0000000707400000, 0x0000000800000000)
  region size 2048K, 2 young (4096K), 2 survivors (4096K)
 Metaspace       used 7902K, committed 8128K, reserved 1056768K
  class space    used 600K, committed 704K, reserved 1048576K
}
Event: 2,619 GC heap before
{Heap before GC invocations=4 (full 0):
 garbage-first heap   total 260096K, used 118210K [0x0000000707400000, 0x0000000800000000)
  region size 2048K, 3 young (6144K), 2 survivors (4096K)
 Metaspace       used 7902K, committed 8128K, reserved 1056768K
  class space    used 600K, committed 704K, reserved 1048576K
}
Event: 2,621 GC heap after
{Heap after GC invocations=5 (full 0):
 garbage-first heap   total 260096K, used 4912K [0x0000000707400000, 0x0000000800000000)
  region size 2048K, 2 young (4096K), 2 survivors (4096K)
 Metaspace       used 7902K, committed 8128K, reserved 1056768K
  class space    used 600K, committed 704K, reserved 1048576K
}
Event: 3,141 GC heap before
{Heap before GC invocations=5 (full 0):
 garbage-first heap   total 260096K, used 119600K [0x0000000707400000, 0x0000000800000000)
  region size 2048K, 5 young (10240K), 2 survivors (4096K)
 Metaspace       used 8102K, committed 8320K, reserved 1056768K
  class space    used 629K, committed 704K, reserved 1048576K
}
Event: 3,144 GC heap after
{Heap after GC invocations=6 (full 0):
 garbage-first heap   total 260096K, used 6198K [0x0000000707400000, 0x0000000800000000)
  region size 2048K, 3 young (6144K), 3 survivors (6144K)
 Metaspace       used 8102K, committed 8320K, reserved 1056768K
  class space    used 629K, committed 704K, reserved 1048576K
}
Event: 3,854 GC heap before
{Heap before GC invocations=6 (full 0):
 garbage-first heap   total 260096K, used 108598K [0x0000000707400000, 0x0000000800000000)
  region size 2048K, 10 young (20480K), 3 survivors (6144K)
 Metaspace       used 8647K, committed 8832K, reserved 1056768K
  class space    used 703K, committed 768K, reserved 1048576K
}
Event: 3,856 GC heap after
{Heap after GC invocations=7 (full 0):
 garbage-first heap   total 260096K, used 42687K [0x0000000707400000, 0x0000000800000000)
  region size 2048K, 2 young (4096K), 2 survivors (4096K)
 Metaspace       used 8647K, committed 8832K, reserved 1056768K
  class space    used 703K, committed 768K, reserved 1048576K
}
Event: 4,140 GC heap before
{Heap before GC invocations=7 (full 0):
 garbage-first heap   total 260096K, used 128703K [0x0000000707400000, 0x0000000800000000)
  region size 2048K, 8 young (16384K), 2 survivors (4096K)
 Metaspace       used 8672K, committed 8832K, reserved 1056768K
  class space    used 703K, committed 768K, reserved 1048576K
}
Event: 4,143 GC heap after
{Heap after GC invocations=8 (full 0):
 garbage-first heap   total 260096K, used 26291K [0x0000000707400000, 0x0000000800000000)
  region size 2048K, 2 young (4096K), 2 survivors (4096K)
 Metaspace       used 8672K, committed 8832K, reserved 1056768K
  class space    used 703K, committed 768K, reserved 1048576K
}
Event: 4,495 GC heap before
{Heap before GC invocations=8 (full 0):
 garbage-first heap   total 260096K, used 118451K [0x0000000707400000, 0x0000000800000000)
  region size 2048K, 3 young (6144K), 2 survivors (4096K)
 Metaspace       used 8676K, committed 8832K, reserved 1056768K
  class space    used 703K, committed 768K, reserved 1048576K
}
Event: 4,497 GC heap after
{Heap after GC invocations=9 (full 0):
 garbage-first heap   total 260096K, used 18189K [0x0000000707400000, 0x0000000800000000)
  region size 2048K, 2 young (4096K), 2 survivors (4096K)
 Metaspace       used 8676K, committed 8832K, reserved 1056768K
  class space    used 703K, committed 768K, reserved 1048576K
}
Event: 4,819 GC heap before
{Heap before GC invocations=9 (full 0):
 garbage-first heap   total 260096K, used 71437K [0x0000000707400000, 0x0000000800000000)
  region size 2048K, 3 young (6144K), 2 survivors (4096K)
 Metaspace       used 8676K, committed 8832K, reserved 1056768K
  class space    used 703K, committed 768K, reserved 1048576K
}
Event: 4,821 GC heap after
{Heap after GC invocations=10 (full 0):
 garbage-first heap   total 260096K, used 42772K [0x0000000707400000, 0x0000000800000000)
  region size 2048K, 2 young (4096K), 2 survivors (4096K)
 Metaspace       used 8676K, committed 8832K, reserved 1056768K
  class space    used 703K, committed 768K, reserved 1048576K
}
Event: 4,942 GC heap before
{Heap before GC invocations=10 (full 0):
 garbage-first heap   total 260096K, used 110356K [0x0000000707400000, 0x0000000800000000)
  region size 2048K, 3 young (6144K), 2 survivors (4096K)
 Metaspace       used 8676K, committed 8832K, reserved 1056768K
  class space    used 703K, committed 768K, reserved 1048576K
}
Event: 4,944 GC heap after
{Heap after GC invocations=11 (full 0):
 garbage-first heap   total 260096K, used 75410K [0x0000000707400000, 0x0000000800000000)
  region size 2048K, 2 young (4096K), 2 survivors (4096K)
 Metaspace       used 8676K, committed 8832K, reserved 1056768K
  class space    used 703K, committed 768K, reserved 1048576K
}
Event: 4,975 GC heap before
{Heap before GC invocations=11 (full 0):
 garbage-first heap   total 260096K, used 118418K [0x0000000707400000, 0x0000000800000000)
  region size 2048K, 3 young (6144K), 2 survivors (4096K)
 Metaspace       used 8676K, committed 8832K, reserved 1056768K
  class space    used 703K, committed 768K, reserved 1048576K
}
Event: 4,977 GC heap after
{Heap after GC invocations=12 (full 0):
 garbage-first heap   total 260096K, used 5300K [0x0000000707400000, 0x0000000800000000)
  region size 2048K, 2 young (4096K), 2 survivors (4096K)
 Metaspace       used 8676K, committed 8832K, reserved 1056768K
  class space    used 703K, committed 768K, reserved 1048576K
}
Event: 5,434 GC heap before
{Heap before GC invocations=12 (full 0):
 garbage-first heap   total 260096K, used 117940K [0x0000000707400000, 0x0000000800000000)
  region size 2048K, 5 young (10240K), 2 survivors (4096K)
 Metaspace       used 8681K, committed 8832K, reserved 1056768K
  class space    used 703K, committed 768K, reserved 1048576K
}
Event: 5,437 GC heap after
{Heap after GC invocations=13 (full 0):
 garbage-first heap   total 344064K, used 6305K [0x0000000707400000, 0x0000000800000000)
  region size 2048K, 3 young (6144K), 3 survivors (6144K)
 Metaspace       used 8681K, committed 8832K, reserved 1056768K
  class space    used 703K, committed 768K, reserved 1048576K
}

